#
# There is insufficient memory for the Java Runtime Environment to continue.
# Native memory allocation (mmap) failed to map 134217728 bytes for Failed to commit area from 0x0000000081a00000 to 0x0000000089a00000 of length 134217728.
# Possible reasons:
#   The system is out of physical RAM or swap space
#   The process is running with CompressedOops enabled, and the Java Heap may be blocking the growth of the native heap
# Possible solutions:
#   Reduce memory load on the system
#   Increase physical memory or swap space
#   Check if swap backing store is full
#   Decrease Java heap size (-Xmx/-Xms)
#   Decrease number of Java threads
#   Decrease Java thread stack sizes (-Xss)
#   Set larger code cache with -XX:ReservedCodeCacheSize=
# This output file may be truncated or incomplete.
#
#  Out of Memory Error (./src/hotspot/os/windows/os_windows.cpp:3521), pid=5744, tid=8420
#
# JRE version:  (11.0.12+7) (build )
# Java VM: OpenJDK 64-Bit Server VM (11.0.12+7-b1504.28-7817840, mixed mode, sharing, tiered, compressed oops, g1 gc, windows-amd64)
# No core dump will be written. Minidumps are not enabled by default on client versions of Windows
#

---------------  S U M M A R Y ------------

Command Line: git4idea.http.GitAskPassApp Username for 'https://github.com': 

Host: Intel(R) Core(TM) i5-8250U CPU @ 1.60GHz, 8 cores, 7G,  Windows 10 , 64 bit Build 19041 (10.0.19041.1566)
Time: Thu May 19 18:56:58 2022 ????????? (????) elapsed time: 0.019463 seconds (0d 0h 0m 0s)

---------------  T H R E A D  ---------------

Current thread (0x000001932671d000):  JavaThread "Unknown thread" [_thread_in_vm, id=8420, stack(0x00000079dd000000,0x00000079dd100000)]

Stack: [0x00000079dd000000,0x00000079dd100000]
Native frames: (J=compiled Java code, j=interpreted, Vv=VM code, C=native code)
V  [jvm.dll+0x5fbcea]
V  [jvm.dll+0x731905]
V  [jvm.dll+0x732f1d]
V  [jvm.dll+0x7335d3]
V  [jvm.dll+0x247bf8]
V  [jvm.dll+0x5f90b4]
V  [jvm.dll+0x5edc85]
V  [jvm.dll+0x305aeb]
V  [jvm.dll+0x305a5a]
V  [jvm.dll+0x305932]
V  [jvm.dll+0x30a896]
V  [jvm.dll+0x353803]
V  [jvm.dll+0x353f06]
V  [jvm.dll+0x353903]
V  [jvm.dll+0x2e0678]
V  [jvm.dll+0x2e1827]
V  [jvm.dll+0x710037]
V  [jvm.dll+0x71182c]
V  [jvm.dll+0x360da9]
V  [jvm.dll+0x6f390e]
V  [jvm.dll+0x3c9723]
V  [jvm.dll+0x3cb9b1]
C  [jli.dll+0x536b]
C  [ucrtbase.dll+0x21bb2]
C  [KERNEL32.DLL+0x17034]
C  [ntdll.dll+0x52651]


---------------  P R O C E S S  ---------------

Threads class SMR info:
_java_thread_list=0x00000193244efd20, length=0, elements={
}

Java Threads: ( => current thread )

Other Threads:
  0x0000019326734800 GCTaskThread "GC Thread#0" [stack: 0x00000079dd100000,0x00000079dd200000] [id=7260]
  0x0000019326766000 ConcurrentGCThread "G1 Main Marker" [stack: 0x00000079dd200000,0x00000079dd300000] [id=12936]
  0x0000019326768000 ConcurrentGCThread "G1 Conc#0" [stack: 0x00000079dd300000,0x00000079dd400000] [id=1396]

[error occurred during error reporting (printing all threads), id 0xc0000005, EXCEPTION_ACCESS_VIOLATION (0xc0000005) at pc=0x00007ffa379b0be7]

VM state:not at safepoint (not fully initialized)

VM Mutex/Monitor currently owned by a thread:  ([mutex/lock_event])
[0x000001932671aa20] Heap_lock - owner thread: 0x000001932671d000

Heap address: 0x0000000081a00000, size: 2022 MB, Compressed Oops mode: Non-zero based: 0x0000000081a00000
Narrow klass base: 0x0000000000000000, Narrow klass shift: 0

GC Heap History (0 events):
No events

Deoptimization events (0 events):
No events

Classes redefined (0 events):
No events

Internal exceptions (0 events):
No events

Events (1 events):
Event: 0.012 Loaded shared library C:\Program Files\Android\Android Studio\jre\bin\zip.dll


Dynamic libraries:
0x00007ff78d4a0000 - 0x00007ff78d4aa000 	C:\Program Files\Android\Android Studio\jre\bin\java.exe
0x00007ffaafbb0000 - 0x00007ffaafda5000 	C:\Windows\SYSTEM32\ntdll.dll
0x00007ffaaec30000 - 0x00007ffaaecee000 	C:\Windows\System32\KERNEL32.DLL
0x00007ffaad7c0000 - 0x00007ffaada88000 	C:\Windows\System32\KERNELBASE.dll
0x00007ffaa9950000 - 0x00007ffaa99e0000 	C:\Windows\SYSTEM32\apphelp.dll
0x00007ffaadb10000 - 0x00007ffaadc10000 	C:\Windows\System32\ucrtbase.dll
0x00007ffa9b1e0000 - 0x00007ffa9b1f9000 	C:\Program Files\Android\Android Studio\jre\bin\jli.dll
0x00007ffa9b1c0000 - 0x00007ffa9b1d7000 	C:\Program Files\Android\Android Studio\jre\bin\VCRUNTIME140.dll
0x00007ffaadc10000 - 0x00007ffaaddb0000 	C:\Windows\System32\USER32.dll
0x00007ffaad370000 - 0x00007ffaad392000 	C:\Windows\System32\win32u.dll
0x00007ffa968d0000 - 0x00007ffa96b6a000 	C:\Windows\WinSxS\amd64_microsoft.windows.common-controls_6595b64144ccf1df_6.0.19041.1110_none_60b5254171f9507e\COMCTL32.dll
0x00007ffaaf140000 - 0x00007ffaaf16b000 	C:\Windows\System32\GDI32.dll
0x00007ffaaecf0000 - 0x00007ffaaed8e000 	C:\Windows\System32\msvcrt.dll
0x00007ffaad5b0000 - 0x00007ffaad6bb000 	C:\Windows\System32\gdi32full.dll
0x00007ffaad2d0000 - 0x00007ffaad36d000 	C:\Windows\System32\msvcp_win.dll
0x00007ffaafab0000 - 0x00007ffaafae0000 	C:\Windows\System32\IMM32.DLL
0x00007ffa659e0000 - 0x00007ffa65a7d000 	C:\Program Files\Android\Android Studio\jre\bin\msvcp140.dll
0x00007ffa376c0000 - 0x00007ffa381a5000 	C:\Program Files\Android\Android Studio\jre\bin\server\jvm.dll
0x00007ffaaeb00000 - 0x00007ffaaebae000 	C:\Windows\System32\ADVAPI32.dll
0x00007ffaae520000 - 0x00007ffaae5bc000 	C:\Windows\System32\sechost.dll
0x00007ffaaef40000 - 0x00007ffaaf065000 	C:\Windows\System32\RPCRT4.dll
0x00007ffaadee0000 - 0x00007ffaadee8000 	C:\Windows\System32\PSAPI.DLL
0x00007ffa895b0000 - 0x00007ffa895b9000 	C:\Windows\SYSTEM32\WSOCK32.dll
0x00007ffa9d2d0000 - 0x00007ffa9d2f7000 	C:\Windows\SYSTEM32\WINMM.dll
0x00007ffaaf2f0000 - 0x00007ffaaf35b000 	C:\Windows\System32\WS2_32.dll
0x00007ffaa2aa0000 - 0x00007ffaa2aaa000 	C:\Windows\SYSTEM32\VERSION.dll
0x00007ffaabb70000 - 0x00007ffaabb82000 	C:\Windows\SYSTEM32\kernel.appcore.dll
0x00007ffa6ff20000 - 0x00007ffa6ff31000 	C:\Program Files\Android\Android Studio\jre\bin\verify.dll
0x00007ffaab0f0000 - 0x00007ffaab2d4000 	C:\Windows\SYSTEM32\DBGHELP.DLL
0x00007ffaa5f50000 - 0x00007ffaa5f7c000 	C:\Windows\SYSTEM32\dbgcore.DLL
0x00007ffaad730000 - 0x00007ffaad7b2000 	C:\Windows\System32\bcryptPrimitives.dll
0x00007ffa37690000 - 0x00007ffa376b9000 	C:\Program Files\Android\Android Studio\jre\bin\java.dll
0x00007ffa84500000 - 0x00007ffa8450b000 	C:\Program Files\Android\Android Studio\jre\bin\jimage.dll
0x00007ffa6f990000 - 0x00007ffa6f9a8000 	C:\Program Files\Android\Android Studio\jre\bin\zip.dll

dbghelp: loaded successfully - version: 4.0.5 - missing functions: none
symbol engine: initialized successfully - sym options: 0x614 - pdb path: .;C:\Program Files\Android\Android Studio\jre\bin;C:\Windows\SYSTEM32;C:\Windows\WinSxS\amd64_microsoft.windows.common-controls_6595b64144ccf1df_6.0.19041.1110_none_60b5254171f9507e;C:\Program Files\Android\Android Studio\jre\bin\server

VM Arguments:
java_command: git4idea.http.GitAskPassApp Username for 'https://github.com': 
java_class_path (initial): C:/Program Files/Android/Android Studio/plugins/git4idea/lib/git4idea-rt.jar;C:/Program Files/Android/Android Studio/lib/xmlrpc-2.0.1.jar;C:/Program Files/Android/Android Studio/lib/commons-codec-1.15.jar
Launcher Type: SUN_STANDARD

[Global flags]
     intx CICompilerCount                          = 4                                         {product} {ergonomic}
     uint ConcGCThreads                            = 2                                         {product} {ergonomic}
     uint G1ConcRefinementThreads                  = 8                                         {product} {ergonomic}
   size_t G1HeapRegionSize                         = 1048576                                   {product} {ergonomic}
    uintx GCDrainStackTargetSize                   = 64                                        {product} {ergonomic}
   size_t InitialHeapSize                          = 134217728                                 {product} {ergonomic}
   size_t MarkStackSize                            = 4194304                                   {product} {ergonomic}
   size_t MaxHeapSize                              = 2120220672                                {product} {ergonomic}
   size_t MinHeapDeltaBytes                        = 1048576                                   {product} {ergonomic}
    uintx NonNMethodCodeHeapSize                   = 5836300                                {pd product} {ergonomic}
    uintx NonProfiledCodeHeapSize                  = 122910970                              {pd product} {ergonomic}
    uintx ProfiledCodeHeapSize                     = 122910970                              {pd product} {ergonomic}
    uintx ReservedCodeCacheSize                    = 251658240                              {pd product} {ergonomic}
     bool SegmentedCodeCache                       = true                                      {product} {ergonomic}
     bool UseCompressedClassPointers               = true                                 {lp64_product} {ergonomic}
     bool UseCompressedOops                        = true                                 {lp64_product} {ergonomic}
     bool UseG1GC                                  = true                                      {product} {ergonomic}
     bool UseLargePagesIndividualAllocation        = false                                  {pd product} {ergonomic}

Logging:
Log output configuration:
 #0: stdout all=warning uptime,level,tags
 #1: stderr all=off uptime,level,tags

Environment Variables:
PATH=C:\Program Files\Git\mingw64\libexec\git-core;C:\Program Files\Git\mingw64\libexec\git-core;C:\Program Files\Git\mingw64\bin;C:\Program Files\Git\usr\bin;C:\Users\Admin User\bin;C:\Program Files (x86)\Intel\iCLS Client;C:\Program Files\Intel\iCLS Client;C:\Windows\system32;C:\Windows;C:\Windows\System32\Wbem;C:\Windows\System32\WindowsPowerShell\v1.0;C:\Program Files\Intel\WiFi\bin;C:\Program Files\Common Files\Intel\WirelessCommon;C:\Program Files (x86)\Intel\Intel(R) Management Engine Components\DAL;C:\Program Files\Intel\Intel(R) Management Engine Components\DAL;C:\Program Files (x86)\Intel\Intel(R) Management Engine Components\IPT;C:\Program Files\Intel\Intel(R) Management Engine Components\IPT;C:\Windows\System32\OpenSSH;C:\Program Files\Git\cmd;C:\Users\Admin User\AppData\Local\Microsoft\WindowsApps
USERNAME=Admin User
DISPLAY=:0.0
LC_ALL=en_US.UTF-8
OS=Windows_NT
PROCESSOR_IDENTIFIER=Intel64 Family 6 Model 142 Stepping 10, GenuineIntel



---------------  S Y S T E M  ---------------

OS: Windows 10 , 64 bit Build 19041 (10.0.19041.1566)
OS uptime: 3 days 23:58 hours

CPU:total 8 (initial active 8) (4 cores per cpu, 2 threads per core) family 6 model 142 stepping 10 microcode 0xb4, cmov, cx8, fxsr, mmx, sse, sse2, sse3, ssse3, sse4.1, sse4.2, popcnt, avx, avx2, aes, clmul, erms, 3dnowpref, lzcnt, ht, tsc, tscinvbit, bmi1, bmi2, adx, fma

Memory: 4k page, system-wide physical 8087M (762M free)
TotalPageFile size 12183M (AvailPageFile size 81M)
current process WorkingSet (physical memory assigned to process): 10M, peak: 10M
current process commit charge ("private bytes"): 60M, peak: 188M

vm_info: OpenJDK 64-Bit Server VM (11.0.12+7-b1504.28-7817840) for windows-amd64 JRE (11.0.12+7-b1504.28-7817840), built on Oct 13 2021 22:12:33 by "builder" with MS VC++ 14.0 (VS2015)

END.
